<?xml version="1.0" encoding="utf-8"?><testsuites name="pytest tests"><testsuite name="pytest" errors="0" failures="0" skipped="4" tests="15" time="2.084" timestamp="2026-04-24T22:45:12.522977+00:00" hostname="agent-env-735e33bb-a616-4a6b-b492-6beb21fb6394"><testcase classname="backend.tests.test_pix_payment_flow.TestPixInfoEndpoint" name="test_pix_info_returns_pix_key" time="0.227" /><testcase classname="backend.tests.test_pix_payment_flow.TestPixInfoEndpoint" name="test_pix_info_returns_comprovante_email" time="0.069" /><testcase classname="backend.tests.test_pix_payment_flow.TestPixInfoEndpoint" name="test_pix_info_returns_pix_key_type" time="0.071" /><testcase classname="backend.tests.test_pix_payment_flow.TestCampaignCheckout" name="test_checkout_campaign_requires_auth" time="0.169" /><testcase classname="backend.tests.test_pix_payment_flow.TestCampaignCheckout" name="test_checkout_campaign_returns_pix_info" time="0.732"><skipped type="pytest.skip" message="No campaign with tiers found">/app/backend/tests/test_pix_payment_flow.py:127: No campaign with tiers found</skipped></testcase><testcase classname="backend.tests.test_pix_payment_flow.TestProductCheckout" name="test_checkout_product_requires_auth" time="0.116" /><testcase classname="backend.tests.test_pix_payment_flow.TestProductCheckout" name="test_checkout_product_returns_pix_info" time="0.061"><skipped type="pytest.skip" message="No active product found">/app/backend/tests/test_pix_payment_flow.py:183: No active product found</skipped></testcase><testcase classname="backend.tests.test_pix_payment_flow.TestPixCheckout" name="test_checkout_pix_returns_pix_info" time="0.060"><skipped type="pytest.skip" message="No active product found">/app/backend/tests/test_pix_payment_flow.py:225: No active product found</skipped></testcase><testcase classname="backend.tests.test_pix_payment_flow.TestAdminConfirmPix" name="test_confirm_pix_requires_admin" time="0.059" /><testcase classname="backend.tests.test_pix_payment_flow.TestAdminConfirmPix" name="test_confirm_pix_changes_status" time="0.057"><skipped type="pytest.skip" message="No active product found">/app/backend/tests/test_pix_payment_flow.py:267: No active product found</skipped></testcase><testcase classname="backend.tests.test_pix_payment_flow.TestSubscribeEndpoint" name="test_subscribe_returns_pix_info" time="0.128" /><testcase classname="backend.tests.test_pix_payment_flow.TestNoStripeEndpoints" name="test_no_subscribe_card_endpoint" time="0.068" /><testcase classname="backend.tests.test_pix_payment_flow.TestNoStripeEndpoints" name="test_no_webhook_stripe_endpoint" time="0.058" /><testcase classname="backend.tests.test_pix_payment_flow.TestAdminDashboardPendingOrders" name="test_admin_stats_shows_pending_transactions" time="0.057" /><testcase classname="backend.tests.test_pix_payment_flow.TestUserOrderHistory" name="test_user_orders_shows_awaiting_status" time="0.063" /></testsuite></testsuites>