<?xml version="1.0" encoding="utf-8"?><testsuites name="pytest tests"><testsuite name="pytest" errors="0" failures="0" skipped="0" tests="10" time="2.319" timestamp="2026-04-24T23:08:43.087023+00:00" hostname="agent-env-735e33bb-a616-4a6b-b492-6beb21fb6394"><testcase classname="backend.tests.test_site_settings_and_websocket.TestSiteSettingsExpansion" name="test_get_site_settings_returns_new_fields" time="0.190" /><testcase classname="backend.tests.test_site_settings_and_websocket.TestSiteSettingsExpansion" name="test_site_settings_default_values" time="0.108" /><testcase classname="backend.tests.test_site_settings_and_websocket.TestSiteSettingsUpdate" name="test_update_site_settings_requires_admin" time="0.115" /><testcase classname="backend.tests.test_site_settings_and_websocket.TestSiteSettingsUpdate" name="test_update_site_settings_new_fields" time="0.564" /><testcase classname="backend.tests.test_site_settings_and_websocket.TestWebSocketRoutes" name="test_websocket_stream_route_defined" time="0.110" /><testcase classname="backend.tests.test_site_settings_and_websocket.TestWebSocketRoutes" name="test_websocket_watch_route_defined" time="0.119" /><testcase classname="backend.tests.test_site_settings_and_websocket.TestLiveStatusAPI" name="test_get_live_status" time="0.129" /><testcase classname="backend.tests.test_site_settings_and_websocket.TestAdminDashboard" name="test_admin_login" time="0.342" /><testcase classname="backend.tests.test_site_settings_and_websocket.TestAdminDashboard" name="test_admin_stats_access" time="0.437" /><testcase classname="backend.tests.test_site_settings_and_websocket.TestNoCardPaymentButton" name="test_no_btn_label_buy_card_in_defaults" time="0.114" /></testsuite></testsuites>